Using pre-set license
Built from '2021.3/staging' branch; Version is '2021.3.18f1 (3129e69bc0c7) revision 3221990'; Using compiler version '192829333'; Build Type 'Release'
OS: 'Windows 11  (10.0.22621) 64bit Core' Language: 'en' Physical Memory: 16215 MB
BatchMode: 1, IsHumanControllingUs: 0, StartBugReporterOnCrash: 0, Is64bit: 1, IsPro: 1

COMMAND LINE ARGUMENTS:
C:\Program Files\Unity\Hub\Editor\2021.3.18f1\Editor\Unity.exe
-adb2
-batchMode
-noUpm
-name
AssetImportWorker0
-projectPath
C:/Users/Easla/OneDrive/Bureaublad/Keuzedeel/Game development/game/jacobgame/jacobgame
-logFile
Logs/AssetImportWorker0.log
-srvPort
64354
Successfully changed project path to: C:/Users/Easla/OneDrive/Bureaublad/Keuzedeel/Game development/game/jacobgame/jacobgame
C:/Users/Easla/OneDrive/Bureaublad/Keuzedeel/Game development/game/jacobgame/jacobgame
[UnityMemory] Configuration Parameters - Can be set up in boot.config
    "memorysetup-bucket-allocator-granularity=16"
    "memorysetup-bucket-allocator-bucket-count=8"
    "memorysetup-bucket-allocator-block-size=33554432"
    "memorysetup-bucket-allocator-block-count=8"
    "memorysetup-main-allocator-block-size=16777216"
    "memorysetup-thread-allocator-block-size=16777216"
    "memorysetup-gfx-main-allocator-block-size=16777216"
    "memorysetup-gfx-thread-allocator-block-size=16777216"
    "memorysetup-cache-allocator-block-size=4194304"
    "memorysetup-typetree-allocator-block-size=2097152"
    "memorysetup-profiler-bucket-allocator-granularity=16"
    "memorysetup-profiler-bucket-allocator-bucket-count=8"
    "memorysetup-profiler-bucket-allocator-block-size=33554432"
    "memorysetup-profiler-bucket-allocator-block-count=8"
    "memorysetup-profiler-allocator-block-size=16777216"
    "memorysetup-profiler-editor-allocator-block-size=1048576"
    "memorysetup-temp-allocator-size-main=16777216"
    "memorysetup-job-temp-allocator-block-size=2097152"
    "memorysetup-job-temp-allocator-block-size-background=1048576"
    "memorysetup-job-temp-allocator-reduction-small-platforms=262144"
    "memorysetup-temp-allocator-size-background-worker=32768"
    "memorysetup-temp-allocator-size-job-worker=262144"
    "memorysetup-temp-allocator-size-preload-manager=33554432"
    "memorysetup-temp-allocator-size-nav-mesh-worker=65536"
    "memorysetup-temp-allocator-size-audio-worker=65536"
    "memorysetup-temp-allocator-size-cloud-worker=32768"
    "memorysetup-temp-allocator-size-gi-baking-worker=262144"
    "memorysetup-temp-allocator-size-gfx=262144"
Player connection [21416] Host "[IP] 192.168.56.1 [Port] 0 [Flags] 2 [Guid] 779636588 [EditorId] 779636588 [Version] 1048832 [Id] WindowsEditor(7,LAPTOP-3TPL7VHV) [Debug] 1 [PackageName] WindowsEditor [ProjectName] Editor" joined multi-casting on [225.0.0.222:54997]...

Player connection [21416] Host "[IP] 192.168.56.1 [Port] 0 [Flags] 2 [Guid] 779636588 [EditorId] 779636588 [Version] 1048832 [Id] WindowsEditor(7,LAPTOP-3TPL7VHV) [Debug] 1 [PackageName] WindowsEditor [ProjectName] Editor" joined alternative multi-casting on [225.0.0.222:34997]...

Refreshing native plugins compatible for Editor in 113.51 ms, found 4 plugins.
Preloading 0 native plugins for Editor in 0.00 ms.
Initialize engine version: 2021.3.18f1 (3129e69bc0c7)
[Subsystems] Discovering subsystems at path C:/Program Files/Unity/Hub/Editor/2021.3.18f1/Editor/Data/Resources/UnitySubsystems
[Subsystems] Discovering subsystems at path C:/Users/Easla/OneDrive/Bureaublad/Keuzedeel/Game development/game/jacobgame/jacobgame/Assets
GfxDevice: creating device client; threaded=0; jobified=0
Direct3D:
    Version:  Direct3D 11.0 [level 11.1]
    Renderer: NVIDIA GeForce RTX 3060 Laptop GPU (ID=0x2520)
    Vendor:   NVIDIA
    VRAM:     6009 MB
    Driver:   31.0.15.3598
Initialize mono
Mono path[0] = 'C:/Program Files/Unity/Hub/Editor/2021.3.18f1/Editor/Data/Managed'
Mono path[1] = 'C:/Program Files/Unity/Hub/Editor/2021.3.18f1/Editor/Data/MonoBleedingEdge/lib/mono/unityjit-win32'
Mono config path = 'C:/Program Files/Unity/Hub/Editor/2021.3.18f1/Editor/Data/MonoBleedingEdge/etc'
Using monoOptions --debugger-agent=transport=dt_socket,embedding=1,server=y,suspend=n,address=127.0.0.1:56912
Begin MonoManager ReloadAssembly
Registering precompiled unity dll's ...
Register platform support module: C:/Program Files/Unity/Hub/Editor/2021.3.18f1/Editor/Data/PlaybackEngines/WebGLSupport/UnityEditor.WebGL.Extensions.dll
Register platform support module: C:/Program Files/Unity/Hub/Editor/2021.3.18f1/Editor/Data/PlaybackEngines/WindowsStandaloneSupport/UnityEditor.WindowsStandalone.Extensions.dll
Registered in 0.012095 seconds.
Native extension for WindowsStandalone target not found
Native extension for WebGL target not found
Refreshing native plugins compatible for Editor in 137.16 ms, found 4 plugins.
Preloading 0 native plugins for Editor in 0.00 ms.
Mono: successfully reloaded assembly
- Completed reload, in  1.088 seconds
Domain Reload Profiling:
	ReloadAssembly (1089ms)
		BeginReloadAssembly (105ms)
			ExecutionOrderSort (0ms)
			DisableScriptedObjects (0ms)
			BackupInstance (0ms)
			ReleaseScriptingObjects (0ms)
			CreateAndSetChildDomain (1ms)
		EndReloadAssembly (816ms)
			LoadAssemblies (101ms)
			RebuildTransferFunctionScriptingTraits (0ms)
			SetupTypeCache (169ms)
			ReleaseScriptCaches (0ms)
			RebuildScriptCaches (44ms)
			SetupLoadedEditorAssemblies (509ms)
				LogAssemblyErrors (0ms)
				InitializePlatformSupportModulesInManaged (14ms)
				SetLoadedEditorAssemblies (0ms)
				RefreshPlugins (137ms)
				BeforeProcessingInitializeOnLoad (2ms)
				ProcessInitializeOnLoadAttributes (295ms)
				ProcessInitializeOnLoadMethodAttributes (60ms)
				AfterProcessingInitializeOnLoad (0ms)
				EditorAssembliesLoaded (0ms)
			ExecutionOrderSort2 (0ms)
			AwakeInstancesAfterBackupRestoration (0ms)
Platform modules already initialized, skipping
Registering precompiled user dll's ...
Registered in 0.010998 seconds.
Begin MonoManager ReloadAssembly
Symbol file LoadedFromMemory doesn't match image C:\Users\Easla\OneDrive\Bureaublad\Keuzedeel\Game development\game\jacobgame\jacobgame\Library\PackageCache\com.unity.visualscripting@1.8.0\Editor\VisualScripting.Core\Dependencies\YamlDotNet\Unity.VisualScripting.YamlDotNet.dll
Symbol file LoadedFromMemory doesn't match image C:\Users\Easla\OneDrive\Bureaublad\Keuzedeel\Game development\game\jacobgame\jacobgame\Library\PackageCache\com.unity.visualscripting@1.8.0\Editor\VisualScripting.Core\Dependencies\DotNetZip\Unity.VisualScripting.IonicZip.dll
Native extension for WindowsStandalone target not found
Native extension for WebGL target not found
Refreshing native plugins compatible for Editor in 117.31 ms, found 4 plugins.
Preloading 0 native plugins for Editor in 0.00 ms.
Mono: successfully reloaded assembly
- Completed reload, in  1.783 seconds
Domain Reload Profiling:
	ReloadAssembly (1784ms)
		BeginReloadAssembly (191ms)
			ExecutionOrderSort (0ms)
			DisableScriptedObjects (8ms)
			BackupInstance (0ms)
			ReleaseScriptingObjects (0ms)
			CreateAndSetChildDomain (31ms)
		EndReloadAssembly (1410ms)
			LoadAssemblies (130ms)
			RebuildTransferFunctionScriptingTraits (0ms)
			SetupTypeCache (441ms)
			ReleaseScriptCaches (1ms)
			RebuildScriptCaches (100ms)
			SetupLoadedEditorAssemblies (673ms)
				LogAssemblyErrors (0ms)
				InitializePlatformSupportModulesInManaged (10ms)
				SetLoadedEditorAssemblies (0ms)
				RefreshPlugins (117ms)
				BeforeProcessingInitializeOnLoad (133ms)
				ProcessInitializeOnLoadAttributes (333ms)
				ProcessInitializeOnLoadMethodAttributes (66ms)
				AfterProcessingInitializeOnLoad (12ms)
				EditorAssembliesLoaded (0ms)
			ExecutionOrderSort2 (0ms)
			AwakeInstancesAfterBackupRestoration (9ms)
Platform modules already initialized, skipping
========================================================================
Worker process is ready to serve import requests
Launched and connected shader compiler UnityShaderCompiler.exe after 0.05 seconds
Refreshing native plugins compatible for Editor in 1.22 ms, found 4 plugins.
Preloading 0 native plugins for Editor in 0.00 ms.
Unloading 3758 Unused Serialized files (Serialized files now loaded: 0)
Unloading 35 unused Assets / (56.5 KB). Loaded Objects now: 4219.
Memory consumption went from 146.6 MB to 146.6 MB.
Total: 3.451100 ms (FindLiveObjects: 0.404000 ms CreateObjectMapping: 0.371200 ms MarkObjects: 2.545100 ms  DeleteObjects: 0.129600 ms)

AssetImportParameters requested are different than current active one (requested -> active):
  custom:video-decoder-ogg-theora: a1e56fd34408186e4bbccfd4996cb3dc -> 
  custom:container-muxer-webm: aa71ff27fc2769a1b78a27578f13a17b -> 
  custom:container-demuxer-webm: 4f35f7cbe854078d1ac9338744f61a02 -> 
  custom:video-encoder-webm-vp8: eb34c28f22e8b96e1ab97ce403110664 -> 
  custom:audio-encoder-webm-vorbis: bf7c407c2cedff20999df2af8eb42d56 -> 
  custom:framework-win-MediaFoundation: 216162199b28c13a410421893ffa2e32 -> 
  custom:container-demuxer-ogg: 62fdf1f143b41e24485cea50d1cbac27 -> 
  custom:video-decoder-webm-vp8: 9c59270c3fd7afecdb556c50c9e8de78 -> 
  custom:audio-decoder-ogg-vorbis: bf7c407c2cedff20999df2af8eb42d56 -> 
========================================================================
Received Import Request.
  Time since last request: 1161614.396306 seconds.
  path: Assets/TestCollisionScript.cs
  artifactKey: Guid(4ba4c0c82135eb14bb20787b1aa635be) Importer(815301076,1909f56bfc062723c751e8b465ee728b)
Start importing Assets/TestCollisionScript.cs using Guid(4ba4c0c82135eb14bb20787b1aa635be) Importer(815301076,1909f56bfc062723c751e8b465ee728b)  -> (artifact id: 'dbfa4fb057a6852e5037de5b4ebcaa2f') in 0.191070 seconds 
========================================================================
Received Import Request.
  Time since last request: 32.602139 seconds.
  path: Assets/TestCollisionScript.cs
  artifactKey: Guid(4ba4c0c82135eb14bb20787b1aa635be) Importer(815301076,1909f56bfc062723c751e8b465ee728b)
Start importing Assets/TestCollisionScript.cs using Guid(4ba4c0c82135eb14bb20787b1aa635be) Importer(815301076,1909f56bfc062723c751e8b465ee728b)  -> (artifact id: '7ec548a73ff65dd66963d433456210e0') in 0.003013 seconds 
========================================================================
Received Prepare
Registering precompiled user dll's ...
Registered in 0.007301 seconds.
Begin MonoManager ReloadAssembly
Symbol file LoadedFromMemory doesn't match image C:\Users\Easla\OneDrive\Bureaublad\Keuzedeel\Game development\game\jacobgame\jacobgame\Library\PackageCache\com.unity.visualscripting@1.8.0\Editor\VisualScripting.Core\Dependencies\YamlDotNet\Unity.VisualScripting.YamlDotNet.dll
Symbol file LoadedFromMemory doesn't match image C:\Users\Easla\OneDrive\Bureaublad\Keuzedeel\Game development\game\jacobgame\jacobgame\Library\PackageCache\com.unity.visualscripting@1.8.0\Editor\VisualScripting.Core\Dependencies\DotNetZip\Unity.VisualScripting.IonicZip.dll
Native extension for WindowsStandalone target not found
Native extension for WebGL target not found
Refreshing native plugins compatible for Editor in 0.78 ms, found 4 plugins.
Preloading 0 native plugins for Editor in 0.00 ms.
Mono: successfully reloaded assembly
- Completed reload, in  1.394 seconds
Domain Reload Profiling:
	ReloadAssembly (1395ms)
		BeginReloadAssembly (166ms)
			ExecutionOrderSort (0ms)
			DisableScriptedObjects (7ms)
			BackupInstance (0ms)
			ReleaseScriptingObjects (0ms)
			CreateAndSetChildDomain (41ms)
		EndReloadAssembly (1079ms)
			LoadAssemblies (128ms)
			RebuildTransferFunctionScriptingTraits (0ms)
			SetupTypeCache (381ms)
			ReleaseScriptCaches (2ms)
			RebuildScriptCaches (61ms)
			SetupLoadedEditorAssemblies (444ms)
				LogAssemblyErrors (0ms)
				InitializePlatformSupportModulesInManaged (18ms)
				SetLoadedEditorAssemblies (1ms)
				RefreshPlugins (1ms)
				BeforeProcessingInitializeOnLoad (105ms)
				ProcessInitializeOnLoadAttributes (258ms)
				ProcessInitializeOnLoadMethodAttributes (49ms)
				AfterProcessingInitializeOnLoad (12ms)
				EditorAssembliesLoaded (0ms)
			ExecutionOrderSort2 (0ms)
			AwakeInstancesAfterBackupRestoration (13ms)
Platform modules already initialized, skipping
Refreshing native plugins compatible for Editor in 2.37 ms, found 4 plugins.
Preloading 0 native plugins for Editor in 0.00 ms.
Unloading 3733 Unused Serialized files (Serialized files now loaded: 0)
Unloading 22 unused Assets / (24.7 KB). Loaded Objects now: 4222.
Memory consumption went from 144.1 MB to 144.1 MB.
Total: 2.951100 ms (FindLiveObjects: 0.255500 ms CreateObjectMapping: 0.205700 ms MarkObjects: 2.462000 ms  DeleteObjects: 0.026900 ms)

AssetImportParameters requested are different than current active one (requested -> active):
  custom:video-decoder-ogg-theora: a1e56fd34408186e4bbccfd4996cb3dc -> 
  custom:container-muxer-webm: aa71ff27fc2769a1b78a27578f13a17b -> 
  custom:container-demuxer-webm: 4f35f7cbe854078d1ac9338744f61a02 -> 
  custom:video-encoder-webm-vp8: eb34c28f22e8b96e1ab97ce403110664 -> 
  custom:audio-encoder-webm-vorbis: bf7c407c2cedff20999df2af8eb42d56 -> 
  custom:framework-win-MediaFoundation: 216162199b28c13a410421893ffa2e32 -> 
  custom:container-demuxer-ogg: 62fdf1f143b41e24485cea50d1cbac27 -> 
  custom:video-decoder-webm-vp8: 9c59270c3fd7afecdb556c50c9e8de78 -> 
  custom:audio-decoder-ogg-vorbis: bf7c407c2cedff20999df2af8eb42d56 -> 
========================================================================
Received Prepare
Registering precompiled user dll's ...
Registered in 0.007503 seconds.
Begin MonoManager ReloadAssembly
Symbol file LoadedFromMemory doesn't match image C:\Users\Easla\OneDrive\Bureaublad\Keuzedeel\Game development\game\jacobgame\jacobgame\Library\PackageCache\com.unity.visualscripting@1.8.0\Editor\VisualScripting.Core\Dependencies\YamlDotNet\Unity.VisualScripting.YamlDotNet.dll
Symbol file LoadedFromMemory doesn't match image C:\Users\Easla\OneDrive\Bureaublad\Keuzedeel\Game development\game\jacobgame\jacobgame\Library\PackageCache\com.unity.visualscripting@1.8.0\Editor\VisualScripting.Core\Dependencies\DotNetZip\Unity.VisualScripting.IonicZip.dll
Native extension for WindowsStandalone target not found
Native extension for WebGL target not found
Refreshing native plugins compatible for Editor in 0.71 ms, found 4 plugins.
Preloading 0 native plugins for Editor in 0.00 ms.
Mono: successfully reloaded assembly
- Completed reload, in  1.252 seconds
Domain Reload Profiling:
	ReloadAssembly (1253ms)
		BeginReloadAssembly (181ms)
			ExecutionOrderSort (0ms)
			DisableScriptedObjects (11ms)
			BackupInstance (0ms)
			ReleaseScriptingObjects (0ms)
			CreateAndSetChildDomain (54ms)
		EndReloadAssembly (935ms)
			LoadAssemblies (131ms)
			RebuildTransferFunctionScriptingTraits (0ms)
			SetupTypeCache (306ms)
			ReleaseScriptCaches (3ms)
			RebuildScriptCaches (51ms)
			SetupLoadedEditorAssemblies (402ms)
				LogAssemblyErrors (0ms)
				InitializePlatformSupportModulesInManaged (15ms)
				SetLoadedEditorAssemblies (1ms)
				RefreshPlugins (1ms)
				BeforeProcessingInitializeOnLoad (91ms)
				ProcessInitializeOnLoadAttributes (241ms)
				ProcessInitializeOnLoadMethodAttributes (41ms)
				AfterProcessingInitializeOnLoad (12ms)
				EditorAssembliesLoaded (0ms)
			ExecutionOrderSort2 (0ms)
			AwakeInstancesAfterBackupRestoration (9ms)
Platform modules already initialized, skipping
Refreshing native plugins compatible for Editor in 2.97 ms, found 4 plugins.
Preloading 0 native plugins for Editor in 0.00 ms.
Unloading 3732 Unused Serialized files (Serialized files now loaded: 0)
Unloading 23 unused Assets / (24.7 KB). Loaded Objects now: 4224.
Memory consumption went from 144.1 MB to 144.1 MB.
Total: 3.229400 ms (FindLiveObjects: 0.347200 ms CreateObjectMapping: 0.186700 ms MarkObjects: 2.655900 ms  DeleteObjects: 0.038500 ms)

AssetImportParameters requested are different than current active one (requested -> active):
  custom:video-decoder-ogg-theora: a1e56fd34408186e4bbccfd4996cb3dc -> 
  custom:container-muxer-webm: aa71ff27fc2769a1b78a27578f13a17b -> 
  custom:container-demuxer-webm: 4f35f7cbe854078d1ac9338744f61a02 -> 
  custom:video-encoder-webm-vp8: eb34c28f22e8b96e1ab97ce403110664 -> 
  custom:audio-encoder-webm-vorbis: bf7c407c2cedff20999df2af8eb42d56 -> 
  custom:framework-win-MediaFoundation: 216162199b28c13a410421893ffa2e32 -> 
  custom:container-demuxer-ogg: 62fdf1f143b41e24485cea50d1cbac27 -> 
  custom:video-decoder-webm-vp8: 9c59270c3fd7afecdb556c50c9e8de78 -> 
  custom:audio-decoder-ogg-vorbis: bf7c407c2cedff20999df2af8eb42d56 -> 
========================================================================
Received Prepare
Registering precompiled user dll's ...
Registered in 0.009785 seconds.
Begin MonoManager ReloadAssembly
Symbol file LoadedFromMemory doesn't match image C:\Users\Easla\OneDrive\Bureaublad\Keuzedeel\Game development\game\jacobgame\jacobgame\Library\PackageCache\com.unity.visualscripting@1.8.0\Editor\VisualScripting.Core\Dependencies\YamlDotNet\Unity.VisualScripting.YamlDotNet.dll
Symbol file LoadedFromMemory doesn't match image C:\Users\Easla\OneDrive\Bureaublad\Keuzedeel\Game development\game\jacobgame\jacobgame\Library\PackageCache\com.unity.visualscripting@1.8.0\Editor\VisualScripting.Core\Dependencies\DotNetZip\Unity.VisualScripting.IonicZip.dll
Native extension for WindowsStandalone target not found
Native extension for WebGL target not found
Refreshing native plugins compatible for Editor in 0.72 ms, found 4 plugins.
Preloading 0 native plugins for Editor in 0.00 ms.
Mono: successfully reloaded assembly
- Completed reload, in  1.206 seconds
Domain Reload Profiling:
	ReloadAssembly (1207ms)
		BeginReloadAssembly (195ms)
			ExecutionOrderSort (0ms)
			DisableScriptedObjects (8ms)
			BackupInstance (0ms)
			ReleaseScriptingObjects (0ms)
			CreateAndSetChildDomain (54ms)
		EndReloadAssembly (850ms)
			LoadAssemblies (133ms)
			RebuildTransferFunctionScriptingTraits (0ms)
			SetupTypeCache (278ms)
			ReleaseScriptCaches (1ms)
			RebuildScriptCaches (50ms)
			SetupLoadedEditorAssemblies (365ms)
				LogAssemblyErrors (0ms)
				InitializePlatformSupportModulesInManaged (16ms)
				SetLoadedEditorAssemblies (0ms)
				RefreshPlugins (1ms)
				BeforeProcessingInitializeOnLoad (79ms)
				ProcessInitializeOnLoadAttributes (224ms)
				ProcessInitializeOnLoadMethodAttributes (36ms)
				AfterProcessingInitializeOnLoad (8ms)
				EditorAssembliesLoaded (0ms)
			ExecutionOrderSort2 (0ms)
			AwakeInstancesAfterBackupRestoration (12ms)
Platform modules already initialized, skipping
Refreshing native plugins compatible for Editor in 2.33 ms, found 4 plugins.
Preloading 0 native plugins for Editor in 0.00 ms.
Unloading 3731 Unused Serialized files (Serialized files now loaded: 0)
Unloading 23 unused Assets / (24.7 KB). Loaded Objects now: 4226.
Memory consumption went from 144.1 MB to 144.1 MB.
Total: 3.051700 ms (FindLiveObjects: 0.361900 ms CreateObjectMapping: 0.223800 ms MarkObjects: 2.422100 ms  DeleteObjects: 0.042900 ms)

AssetImportParameters requested are different than current active one (requested -> active):
  custom:video-decoder-ogg-theora: a1e56fd34408186e4bbccfd4996cb3dc -> 
  custom:container-muxer-webm: aa71ff27fc2769a1b78a27578f13a17b -> 
  custom:container-demuxer-webm: 4f35f7cbe854078d1ac9338744f61a02 -> 
  custom:video-encoder-webm-vp8: eb34c28f22e8b96e1ab97ce403110664 -> 
  custom:audio-encoder-webm-vorbis: bf7c407c2cedff20999df2af8eb42d56 -> 
  custom:framework-win-MediaFoundation: 216162199b28c13a410421893ffa2e32 -> 
  custom:container-demuxer-ogg: 62fdf1f143b41e24485cea50d1cbac27 -> 
  custom:video-decoder-webm-vp8: 9c59270c3fd7afecdb556c50c9e8de78 -> 
  custom:audio-decoder-ogg-vorbis: bf7c407c2cedff20999df2af8eb42d56 -> 
========================================================================
Received Import Request.
  Time since last request: 47.403476 seconds.
  path: Assets/ButtonExampleScript.cs
  artifactKey: Guid(4e988657cf4769345819a0457101568e) Importer(815301076,1909f56bfc062723c751e8b465ee728b)
Start importing Assets/ButtonExampleScript.cs using Guid(4e988657cf4769345819a0457101568e) Importer(815301076,1909f56bfc062723c751e8b465ee728b)  -> (artifact id: '2cd36a66845087222e418b3f10ab88cd') in 0.016046 seconds 
========================================================================
Received Prepare
Registering precompiled user dll's ...
Registered in 0.008781 seconds.
Begin MonoManager ReloadAssembly
Symbol file LoadedFromMemory doesn't match image C:\Users\Easla\OneDrive\Bureaublad\Keuzedeel\Game development\game\jacobgame\jacobgame\Library\PackageCache\com.unity.visualscripting@1.8.0\Editor\VisualScripting.Core\Dependencies\YamlDotNet\Unity.VisualScripting.YamlDotNet.dll
Symbol file LoadedFromMemory doesn't match image C:\Users\Easla\OneDrive\Bureaublad\Keuzedeel\Game development\game\jacobgame\jacobgame\Library\PackageCache\com.unity.visualscripting@1.8.0\Editor\VisualScripting.Core\Dependencies\DotNetZip\Unity.VisualScripting.IonicZip.dll
Native extension for WindowsStandalone target not found
Native extension for WebGL target not found
Refreshing native plugins compatible for Editor in 1.35 ms, found 4 plugins.
Preloading 0 native plugins for Editor in 0.00 ms.
Mono: successfully reloaded assembly
- Completed reload, in  1.109 seconds
Domain Reload Profiling:
	ReloadAssembly (1110ms)
		BeginReloadAssembly (166ms)
			ExecutionOrderSort (0ms)
			DisableScriptedObjects (10ms)
			BackupInstance (0ms)
			ReleaseScriptingObjects (0ms)
			CreateAndSetChildDomain (42ms)
		EndReloadAssembly (814ms)
			LoadAssemblies (109ms)
			RebuildTransferFunctionScriptingTraits (0ms)
			SetupTypeCache (257ms)
			ReleaseScriptCaches (1ms)
			RebuildScriptCaches (52ms)
			SetupLoadedEditorAssemblies (360ms)
				LogAssemblyErrors (0ms)
				InitializePlatformSupportModulesInManaged (17ms)
				SetLoadedEditorAssemblies (1ms)
				RefreshPlugins (1ms)
				BeforeProcessingInitializeOnLoad (85ms)
				ProcessInitializeOnLoadAttributes (214ms)
				ProcessInitializeOnLoadMethodAttributes (33ms)
				AfterProcessingInitializeOnLoad (9ms)
				EditorAssembliesLoaded (0ms)
			ExecutionOrderSort2 (0ms)
			AwakeInstancesAfterBackupRestoration (8ms)
Platform modules already initialized, skipping
Refreshing native plugins compatible for Editor in 3.71 ms, found 4 plugins.
Preloading 0 native plugins for Editor in 0.00 ms.
Unloading 3731 Unused Serialized files (Serialized files now loaded: 0)
Unloading 22 unused Assets / (24.6 KB). Loaded Objects now: 4229.
Memory consumption went from 144.1 MB to 144.1 MB.
Total: 4.151300 ms (FindLiveObjects: 0.318600 ms CreateObjectMapping: 0.229100 ms MarkObjects: 3.553000 ms  DeleteObjects: 0.049300 ms)

AssetImportParameters requested are different than current active one (requested -> active):
  custom:video-decoder-ogg-theora: a1e56fd34408186e4bbccfd4996cb3dc -> 
  custom:container-muxer-webm: aa71ff27fc2769a1b78a27578f13a17b -> 
  custom:container-demuxer-webm: 4f35f7cbe854078d1ac9338744f61a02 -> 
  custom:video-encoder-webm-vp8: eb34c28f22e8b96e1ab97ce403110664 -> 
  custom:audio-encoder-webm-vorbis: bf7c407c2cedff20999df2af8eb42d56 -> 
  custom:framework-win-MediaFoundation: 216162199b28c13a410421893ffa2e32 -> 
  custom:container-demuxer-ogg: 62fdf1f143b41e24485cea50d1cbac27 -> 
  custom:video-decoder-webm-vp8: 9c59270c3fd7afecdb556c50c9e8de78 -> 
  custom:audio-decoder-ogg-vorbis: bf7c407c2cedff20999df2af8eb42d56 -> 
========================================================================
Received Import Request.
  Time since last request: 8.824948 seconds.
  path: Assets/ButtonExampleScript.cs
  artifactKey: Guid(4e988657cf4769345819a0457101568e) Importer(815301076,1909f56bfc062723c751e8b465ee728b)
Start importing Assets/ButtonExampleScript.cs using Guid(4e988657cf4769345819a0457101568e) Importer(815301076,1909f56bfc062723c751e8b465ee728b)  -> (artifact id: '9b71ebb19dfb2443f6b42b6f301fcc63') in 0.011881 seconds 
========================================================================
Received Import Request.
  Time since last request: 73.157704 seconds.
  path: Assets/scripts/ZombieScript.cs
  artifactKey: Guid(1d113c523b11982439a025fcf9f87257) Importer(815301076,1909f56bfc062723c751e8b465ee728b)
Start importing Assets/scripts/ZombieScript.cs using Guid(1d113c523b11982439a025fcf9f87257) Importer(815301076,1909f56bfc062723c751e8b465ee728b)  -> (artifact id: 'bee012df9c677ff1480afe2a746fdfd5') in 0.002584 seconds 
========================================================================
Received Import Request.
  Time since last request: 33.044192 seconds.
  path: Assets/scripts/ZombieScript.cs
  artifactKey: Guid(1d113c523b11982439a025fcf9f87257) Importer(815301076,1909f56bfc062723c751e8b465ee728b)
Start importing Assets/scripts/ZombieScript.cs using Guid(1d113c523b11982439a025fcf9f87257) Importer(815301076,1909f56bfc062723c751e8b465ee728b)  -> (artifact id: '61436dac02b49a52ba497170869d283d') in 0.002841 seconds 
========================================================================
Received Import Request.
  Time since last request: 9.193824 seconds.
  path: Assets/scripts/ZombieScript.cs
  artifactKey: Guid(1d113c523b11982439a025fcf9f87257) Importer(815301076,1909f56bfc062723c751e8b465ee728b)
Start importing Assets/scripts/ZombieScript.cs using Guid(1d113c523b11982439a025fcf9f87257) Importer(815301076,1909f56bfc062723c751e8b465ee728b)  -> (artifact id: '25af4047559d57ae2ddb6c99fd185dd9') in 0.002812 seconds 
========================================================================
Received Import Request.
  Time since last request: 10.961828 seconds.
  path: Assets/scripts/ZombieScript.cs
  artifactKey: Guid(1d113c523b11982439a025fcf9f87257) Importer(815301076,1909f56bfc062723c751e8b465ee728b)
Start importing Assets/scripts/ZombieScript.cs using Guid(1d113c523b11982439a025fcf9f87257) Importer(815301076,1909f56bfc062723c751e8b465ee728b)  -> (artifact id: 'ae281f527baec377f5eea7cd4afbe685') in 0.002832 seconds 
========================================================================
Received Import Request.
  Time since last request: 9.521092 seconds.
  path: Assets/scripts/ZombieScript.cs
  artifactKey: Guid(1d113c523b11982439a025fcf9f87257) Importer(815301076,1909f56bfc062723c751e8b465ee728b)
Start importing Assets/scripts/ZombieScript.cs using Guid(1d113c523b11982439a025fcf9f87257) Importer(815301076,1909f56bfc062723c751e8b465ee728b)  -> (artifact id: '001e124a97e034ae98173a008360ba2e') in 0.002287 seconds 
========================================================================
Received Prepare
Registering precompiled user dll's ...
Registered in 0.007398 seconds.
Begin MonoManager ReloadAssembly
Symbol file LoadedFromMemory doesn't match image C:\Users\Easla\OneDrive\Bureaublad\Keuzedeel\Game development\game\jacobgame\jacobgame\Library\PackageCache\com.unity.visualscripting@1.8.0\Editor\VisualScripting.Core\Dependencies\YamlDotNet\Unity.VisualScripting.YamlDotNet.dll
Symbol file LoadedFromMemory doesn't match image C:\Users\Easla\OneDrive\Bureaublad\Keuzedeel\Game development\game\jacobgame\jacobgame\Library\PackageCache\com.unity.visualscripting@1.8.0\Editor\VisualScripting.Core\Dependencies\DotNetZip\Unity.VisualScripting.IonicZip.dll
Native extension for WindowsStandalone target not found
Native extension for WebGL target not found
Refreshing native plugins compatible for Editor in 1.10 ms, found 4 plugins.
Preloading 0 native plugins for Editor in 0.00 ms.
Mono: successfully reloaded assembly
- Completed reload, in  1.117 seconds
Domain Reload Profiling:
	ReloadAssembly (1118ms)
		BeginReloadAssembly (158ms)
			ExecutionOrderSort (0ms)
			DisableScriptedObjects (7ms)
			BackupInstance (0ms)
			ReleaseScriptingObjects (0ms)
			CreateAndSetChildDomain (43ms)
		EndReloadAssembly (838ms)
			LoadAssemblies (103ms)
			RebuildTransferFunctionScriptingTraits (0ms)
			SetupTypeCache (239ms)
			ReleaseScriptCaches (1ms)
			RebuildScriptCaches (48ms)
			SetupLoadedEditorAssemblies (403ms)
				LogAssemblyErrors (0ms)
				InitializePlatformSupportModulesInManaged (20ms)
				SetLoadedEditorAssemblies (1ms)
				RefreshPlugins (1ms)
				BeforeProcessingInitializeOnLoad (87ms)
				ProcessInitializeOnLoadAttributes (243ms)
				ProcessInitializeOnLoadMethodAttributes (42ms)
				AfterProcessingInitializeOnLoad (9ms)
				EditorAssembliesLoaded (0ms)
			ExecutionOrderSort2 (0ms)
			AwakeInstancesAfterBackupRestoration (13ms)
Platform modules already initialized, skipping
Refreshing native plugins compatible for Editor in 2.57 ms, found 4 plugins.
Preloading 0 native plugins for Editor in 0.00 ms.
Unloading 3731 Unused Serialized files (Serialized files now loaded: 0)
Unloading 22 unused Assets / (24.6 KB). Loaded Objects now: 4232.
Memory consumption went from 144.1 MB to 144.1 MB.
Total: 4.478600 ms (FindLiveObjects: 0.326900 ms CreateObjectMapping: 0.260700 ms MarkObjects: 3.856100 ms  DeleteObjects: 0.033400 ms)

AssetImportParameters requested are different than current active one (requested -> active):
  custom:video-decoder-ogg-theora: a1e56fd34408186e4bbccfd4996cb3dc -> 
  custom:container-muxer-webm: aa71ff27fc2769a1b78a27578f13a17b -> 
  custom:container-demuxer-webm: 4f35f7cbe854078d1ac9338744f61a02 -> 
  custom:video-encoder-webm-vp8: eb34c28f22e8b96e1ab97ce403110664 -> 
  custom:audio-encoder-webm-vorbis: bf7c407c2cedff20999df2af8eb42d56 -> 
  custom:framework-win-MediaFoundation: 216162199b28c13a410421893ffa2e32 -> 
  custom:container-demuxer-ogg: 62fdf1f143b41e24485cea50d1cbac27 -> 
  custom:video-decoder-webm-vp8: 9c59270c3fd7afecdb556c50c9e8de78 -> 
  custom:audio-decoder-ogg-vorbis: bf7c407c2cedff20999df2af8eb42d56 -> 
========================================================================
Received Import Request.
  Time since last request: 53.405474 seconds.
  path: Assets/scripts/ScoreManagerScript.cs
  artifactKey: Guid(ff5b9b68b42cd8c459065858d2180209) Importer(815301076,1909f56bfc062723c751e8b465ee728b)
Start importing Assets/scripts/ScoreManagerScript.cs using Guid(ff5b9b68b42cd8c459065858d2180209) Importer(815301076,1909f56bfc062723c751e8b465ee728b)  -> (artifact id: '6b88c20acab2b572e45694927d3a782c') in 0.010147 seconds 
========================================================================
Received Import Request.
  Time since last request: 10.508382 seconds.
  path: Assets/scripts/ScoreManagerScript.cs
  artifactKey: Guid(ff5b9b68b42cd8c459065858d2180209) Importer(815301076,1909f56bfc062723c751e8b465ee728b)
Start importing Assets/scripts/ScoreManagerScript.cs using Guid(ff5b9b68b42cd8c459065858d2180209) Importer(815301076,1909f56bfc062723c751e8b465ee728b)  -> (artifact id: '800f48d01682f7a9e85a06116fe8e23c') in 0.003490 seconds 
========================================================================
Received Import Request.
  Time since last request: 41.212669 seconds.
  path: Assets/scripts/ScoreManagerScript.cs
  artifactKey: Guid(ff5b9b68b42cd8c459065858d2180209) Importer(815301076,1909f56bfc062723c751e8b465ee728b)
Start importing Assets/scripts/ScoreManagerScript.cs using Guid(ff5b9b68b42cd8c459065858d2180209) Importer(815301076,1909f56bfc062723c751e8b465ee728b)  -> (artifact id: '73667a5dca5230dc5b456fbc5fdc3769') in 0.002930 seconds 
========================================================================
Received Import Request.
  Time since last request: 38.226769 seconds.
  path: Assets/scripts/ScoreManagerScript.cs
  artifactKey: Guid(ff5b9b68b42cd8c459065858d2180209) Importer(815301076,1909f56bfc062723c751e8b465ee728b)
Start importing Assets/scripts/ScoreManagerScript.cs using Guid(ff5b9b68b42cd8c459065858d2180209) Importer(815301076,1909f56bfc062723c751e8b465ee728b)  -> (artifact id: '4dec9ef2b1a00707a8d6759016b1322b') in 0.002508 seconds 
========================================================================
Received Import Request.
  Time since last request: 8.216481 seconds.
  path: Assets/scripts/ScoreManagerScript.cs
  artifactKey: Guid(ff5b9b68b42cd8c459065858d2180209) Importer(815301076,1909f56bfc062723c751e8b465ee728b)
Start importing Assets/scripts/ScoreManagerScript.cs using Guid(ff5b9b68b42cd8c459065858d2180209) Importer(815301076,1909f56bfc062723c751e8b465ee728b)  -> (artifact id: '6d95dc8dc104f99ad5d52a7837284488') in 0.002805 seconds 
========================================================================
Received Import Request.
  Time since last request: 25.493694 seconds.
  path: Assets/scripts/ScoreManagerScript.cs
  artifactKey: Guid(ff5b9b68b42cd8c459065858d2180209) Importer(815301076,1909f56bfc062723c751e8b465ee728b)
Start importing Assets/scripts/ScoreManagerScript.cs using Guid(ff5b9b68b42cd8c459065858d2180209) Importer(815301076,1909f56bfc062723c751e8b465ee728b)  -> (artifact id: '4e229c9591ea16efea66ff86f9e319d8') in 0.002255 seconds 
========================================================================
Received Import Request.
  Time since last request: 23.508614 seconds.
  path: Assets/scripts/ScoreManagerScript.cs
  artifactKey: Guid(ff5b9b68b42cd8c459065858d2180209) Importer(815301076,1909f56bfc062723c751e8b465ee728b)
Start importing Assets/scripts/ScoreManagerScript.cs using Guid(ff5b9b68b42cd8c459065858d2180209) Importer(815301076,1909f56bfc062723c751e8b465ee728b)  -> (artifact id: '07fb56ae4d73464c1aa80a8c9dca8e78') in 0.002363 seconds 
========================================================================
Received Import Request.
  Time since last request: 5.022057 seconds.
  path: Assets/scripts/ScoreManagerScript.cs
  artifactKey: Guid(ff5b9b68b42cd8c459065858d2180209) Importer(815301076,1909f56bfc062723c751e8b465ee728b)
Start importing Assets/scripts/ScoreManagerScript.cs using Guid(ff5b9b68b42cd8c459065858d2180209) Importer(815301076,1909f56bfc062723c751e8b465ee728b)  -> (artifact id: 'c77cac864b7977c1d8546c771e9870e5') in 0.002152 seconds 
========================================================================
Received Import Request.
  Time since last request: 38.017000 seconds.
  path: Assets/scripts/ScoreManagerScript.cs
  artifactKey: Guid(ff5b9b68b42cd8c459065858d2180209) Importer(815301076,1909f56bfc062723c751e8b465ee728b)
Start importing Assets/scripts/ScoreManagerScript.cs using Guid(ff5b9b68b42cd8c459065858d2180209) Importer(815301076,1909f56bfc062723c751e8b465ee728b)  -> (artifact id: '15152a36aeadd5b4522b7e7e155c36f9') in 0.003126 seconds 
========================================================================
Received Prepare
Registering precompiled user dll's ...
Registered in 0.009440 seconds.
Begin MonoManager ReloadAssembly
Symbol file LoadedFromMemory doesn't match image C:\Users\Easla\OneDrive\Bureaublad\Keuzedeel\Game development\game\jacobgame\jacobgame\Library\PackageCache\com.unity.visualscripting@1.8.0\Editor\VisualScripting.Core\Dependencies\YamlDotNet\Unity.VisualScripting.YamlDotNet.dll
Symbol file LoadedFromMemory doesn't match image C:\Users\Easla\OneDrive\Bureaublad\Keuzedeel\Game development\game\jacobgame\jacobgame\Library\PackageCache\com.unity.visualscripting@1.8.0\Editor\VisualScripting.Core\Dependencies\DotNetZip\Unity.VisualScripting.IonicZip.dll
Native extension for WindowsStandalone target not found
Native extension for WebGL target not found
Refreshing native plugins compatible for Editor in 0.72 ms, found 4 plugins.
Preloading 0 native plugins for Editor in 0.00 ms.
Mono: successfully reloaded assembly
- Completed reload, in  1.132 seconds
Domain Reload Profiling:
	ReloadAssembly (1133ms)
		BeginReloadAssembly (162ms)
			ExecutionOrderSort (0ms)
			DisableScriptedObjects (7ms)
			BackupInstance (0ms)
			ReleaseScriptingObjects (0ms)
			CreateAndSetChildDomain (43ms)
		EndReloadAssembly (844ms)
			LoadAssemblies (104ms)
			RebuildTransferFunctionScriptingTraits (0ms)
			SetupTypeCache (267ms)
			ReleaseScriptCaches (1ms)
			RebuildScriptCaches (47ms)
			SetupLoadedEditorAssemblies (370ms)
				LogAssemblyErrors (0ms)
				InitializePlatformSupportModulesInManaged (16ms)
				SetLoadedEditorAssemblies (0ms)
				RefreshPlugins (1ms)
				BeforeProcessingInitializeOnLoad (75ms)
				ProcessInitializeOnLoadAttributes (224ms)
				ProcessInitializeOnLoadMethodAttributes (45ms)
				AfterProcessingInitializeOnLoad (10ms)
				EditorAssembliesLoaded (0ms)
			ExecutionOrderSort2 (0ms)
			AwakeInstancesAfterBackupRestoration (11ms)
Platform modules already initialized, skipping
Refreshing native plugins compatible for Editor in 2.86 ms, found 4 plugins.
Preloading 0 native plugins for Editor in 0.00 ms.
Unloading 3731 Unused Serialized files (Serialized files now loaded: 0)
Unloading 22 unused Assets / (24.6 KB). Loaded Objects now: 4235.
Memory consumption went from 144.1 MB to 144.1 MB.
Total: 3.492000 ms (FindLiveObjects: 0.410300 ms CreateObjectMapping: 0.379400 ms MarkObjects: 2.670400 ms  DeleteObjects: 0.030400 ms)

AssetImportParameters requested are different than current active one (requested -> active):
  custom:video-decoder-ogg-theora: a1e56fd34408186e4bbccfd4996cb3dc -> 
  custom:container-muxer-webm: aa71ff27fc2769a1b78a27578f13a17b -> 
  custom:container-demuxer-webm: 4f35f7cbe854078d1ac9338744f61a02 -> 
  custom:video-encoder-webm-vp8: eb34c28f22e8b96e1ab97ce403110664 -> 
  custom:audio-encoder-webm-vorbis: bf7c407c2cedff20999df2af8eb42d56 -> 
  custom:framework-win-MediaFoundation: 216162199b28c13a410421893ffa2e32 -> 
  custom:container-demuxer-ogg: 62fdf1f143b41e24485cea50d1cbac27 -> 
  custom:video-decoder-webm-vp8: 9c59270c3fd7afecdb556c50c9e8de78 -> 
  custom:audio-decoder-ogg-vorbis: bf7c407c2cedff20999df2af8eb42d56 -> 
========================================================================
Received Import Request.
  Time since last request: 31.525142 seconds.
  path: Assets/scripts/PlayerController.cs
  artifactKey: Guid(0afd461f055ba0f46a4cc3d91edbfc09) Importer(815301076,1909f56bfc062723c751e8b465ee728b)
Start importing Assets/scripts/PlayerController.cs using Guid(0afd461f055ba0f46a4cc3d91edbfc09) Importer(815301076,1909f56bfc062723c751e8b465ee728b)  -> (artifact id: 'cc6e9b575e1ab01d6a80733d661fe52f') in 0.015221 seconds 
========================================================================
Received Import Request.
  Time since last request: 77.629407 seconds.
  path: Assets/scripts/PlayerController.cs
  artifactKey: Guid(0afd461f055ba0f46a4cc3d91edbfc09) Importer(815301076,1909f56bfc062723c751e8b465ee728b)
Start importing Assets/scripts/PlayerController.cs using Guid(0afd461f055ba0f46a4cc3d91edbfc09) Importer(815301076,1909f56bfc062723c751e8b465ee728b)  -> (artifact id: '0221dfb302ca0ece9098750f912e6326') in 0.003395 seconds 
========================================================================
Received Import Request.
  Time since last request: 36.746814 seconds.
  path: Assets/scripts/PlayerController.cs
  artifactKey: Guid(0afd461f055ba0f46a4cc3d91edbfc09) Importer(815301076,1909f56bfc062723c751e8b465ee728b)
Start importing Assets/scripts/PlayerController.cs using Guid(0afd461f055ba0f46a4cc3d91edbfc09) Importer(815301076,1909f56bfc062723c751e8b465ee728b)  -> (artifact id: '873c3e4e398a50e255cd61fd80ac07a7') in 0.002692 seconds 
========================================================================
Received Import Request.
  Time since last request: 24.402749 seconds.
  path: Assets/scripts/PlayerController.cs
  artifactKey: Guid(0afd461f055ba0f46a4cc3d91edbfc09) Importer(815301076,1909f56bfc062723c751e8b465ee728b)
Start importing Assets/scripts/PlayerController.cs using Guid(0afd461f055ba0f46a4cc3d91edbfc09) Importer(815301076,1909f56bfc062723c751e8b465ee728b)  -> (artifact id: '8a8986daa36a192ffdd3daef96b3658a') in 0.002804 seconds 
========================================================================
Received Import Request.
  Time since last request: 51.689843 seconds.
  path: Assets/scripts/PlayerController.cs
  artifactKey: Guid(0afd461f055ba0f46a4cc3d91edbfc09) Importer(815301076,1909f56bfc062723c751e8b465ee728b)
Start importing Assets/scripts/PlayerController.cs using Guid(0afd461f055ba0f46a4cc3d91edbfc09) Importer(815301076,1909f56bfc062723c751e8b465ee728b)  -> (artifact id: '14dc6466c198787b454d530abffd6644') in 0.002468 seconds 
========================================================================
Received Import Request.
  Time since last request: 96.305021 seconds.
  path: Assets/scripts/PlayerController.cs
  artifactKey: Guid(0afd461f055ba0f46a4cc3d91edbfc09) Importer(815301076,1909f56bfc062723c751e8b465ee728b)
Start importing Assets/scripts/PlayerController.cs using Guid(0afd461f055ba0f46a4cc3d91edbfc09) Importer(815301076,1909f56bfc062723c751e8b465ee728b)  -> (artifact id: '03fa40b1f777d0fe0fb6eaf0be594d74') in 0.002761 seconds 
========================================================================
Received Import Request.
  Time since last request: 14.174657 seconds.
  path: Assets/scripts/PlayerController.cs
  artifactKey: Guid(0afd461f055ba0f46a4cc3d91edbfc09) Importer(815301076,1909f56bfc062723c751e8b465ee728b)
Start importing Assets/scripts/PlayerController.cs using Guid(0afd461f055ba0f46a4cc3d91edbfc09) Importer(815301076,1909f56bfc062723c751e8b465ee728b)  -> (artifact id: '4bd79f12b4c7fc24b7e163f5a79f3be5') in 0.003077 seconds 
========================================================================
Received Import Request.
  Time since last request: 79.844679 seconds.
  path: Assets/scripts/PlayerController.cs
  artifactKey: Guid(0afd461f055ba0f46a4cc3d91edbfc09) Importer(815301076,1909f56bfc062723c751e8b465ee728b)
Start importing Assets/scripts/PlayerController.cs using Guid(0afd461f055ba0f46a4cc3d91edbfc09) Importer(815301076,1909f56bfc062723c751e8b465ee728b)  -> (artifact id: 'c2d8cf465216964235a0a960d073ba8e') in 0.003337 seconds 
========================================================================
Received Prepare
Registering precompiled user dll's ...
Registered in 0.007148 seconds.
Begin MonoManager ReloadAssembly
Symbol file LoadedFromMemory doesn't match image C:\Users\Easla\OneDrive\Bureaublad\Keuzedeel\Game development\game\jacobgame\jacobgame\Library\PackageCache\com.unity.visualscripting@1.8.0\Editor\VisualScripting.Core\Dependencies\YamlDotNet\Unity.VisualScripting.YamlDotNet.dll
Symbol file LoadedFromMemory doesn't match image C:\Users\Easla\OneDrive\Bureaublad\Keuzedeel\Game development\game\jacobgame\jacobgame\Library\PackageCache\com.unity.visualscripting@1.8.0\Editor\VisualScripting.Core\Dependencies\DotNetZip\Unity.VisualScripting.IonicZip.dll
Native extension for WindowsStandalone target not found
Native extension for WebGL target not found
Refreshing native plugins compatible for Editor in 0.77 ms, found 4 plugins.
Preloading 0 native plugins for Editor in 0.00 ms.
Mono: successfully reloaded assembly
- Completed reload, in  1.072 seconds
Domain Reload Profiling:
	ReloadAssembly (1073ms)
		BeginReloadAssembly (156ms)
			ExecutionOrderSort (0ms)
			DisableScriptedObjects (7ms)
			BackupInstance (0ms)
			ReleaseScriptingObjects (0ms)
			CreateAndSetChildDomain (42ms)
		EndReloadAssembly (793ms)
			LoadAssemblies (98ms)
			RebuildTransferFunctionScriptingTraits (0ms)
			SetupTypeCache (258ms)
			ReleaseScriptCaches (1ms)
			RebuildScriptCaches (48ms)
			SetupLoadedEditorAssemblies (346ms)
				LogAssemblyErrors (0ms)
				InitializePlatformSupportModulesInManaged (14ms)
				SetLoadedEditorAssemblies (0ms)
				RefreshPlugins (1ms)
				BeforeProcessingInitializeOnLoad (80ms)
				ProcessInitializeOnLoadAttributes (209ms)
				ProcessInitializeOnLoadMethodAttributes (31ms)
				AfterProcessingInitializeOnLoad (9ms)
				EditorAssembliesLoaded (0ms)
			ExecutionOrderSort2 (0ms)
			AwakeInstancesAfterBackupRestoration (8ms)
Platform modules already initialized, skipping
Refreshing native plugins compatible for Editor in 3.50 ms, found 4 plugins.
Preloading 0 native plugins for Editor in 0.00 ms.
Unloading 3731 Unused Serialized files (Serialized files now loaded: 0)
Unloading 22 unused Assets / (24.7 KB). Loaded Objects now: 4238.
Memory consumption went from 144.1 MB to 144.1 MB.
Total: 2.980700 ms (FindLiveObjects: 0.294000 ms CreateObjectMapping: 0.213400 ms MarkObjects: 2.442200 ms  DeleteObjects: 0.030000 ms)

AssetImportParameters requested are different than current active one (requested -> active):
  custom:video-decoder-ogg-theora: a1e56fd34408186e4bbccfd4996cb3dc -> 
  custom:container-muxer-webm: aa71ff27fc2769a1b78a27578f13a17b -> 
  custom:container-demuxer-webm: 4f35f7cbe854078d1ac9338744f61a02 -> 
  custom:video-encoder-webm-vp8: eb34c28f22e8b96e1ab97ce403110664 -> 
  custom:audio-encoder-webm-vorbis: bf7c407c2cedff20999df2af8eb42d56 -> 
  custom:framework-win-MediaFoundation: 216162199b28c13a410421893ffa2e32 -> 
  custom:container-demuxer-ogg: 62fdf1f143b41e24485cea50d1cbac27 -> 
  custom:video-decoder-webm-vp8: 9c59270c3fd7afecdb556c50c9e8de78 -> 
  custom:audio-decoder-ogg-vorbis: bf7c407c2cedff20999df2af8eb42d56 -> 
========================================================================
Received Import Request.
  Time since last request: 73.927116 seconds.
  path: Assets/scripts/PlayerController.cs
  artifactKey: Guid(0afd461f055ba0f46a4cc3d91edbfc09) Importer(815301076,1909f56bfc062723c751e8b465ee728b)
Start importing Assets/scripts/PlayerController.cs using Guid(0afd461f055ba0f46a4cc3d91edbfc09) Importer(815301076,1909f56bfc062723c751e8b465ee728b)  -> (artifact id: '61022469ec6a1cb068c13cceb7efbb77') in 0.013307 seconds 
========================================================================
Received Prepare
Registering precompiled user dll's ...
Registered in 0.009424 seconds.
Begin MonoManager ReloadAssembly
Symbol file LoadedFromMemory doesn't match image C:\Users\Easla\OneDrive\Bureaublad\Keuzedeel\Game development\game\jacobgame\jacobgame\Library\PackageCache\com.unity.visualscripting@1.8.0\Editor\VisualScripting.Core\Dependencies\YamlDotNet\Unity.VisualScripting.YamlDotNet.dll
Symbol file LoadedFromMemory doesn't match image C:\Users\Easla\OneDrive\Bureaublad\Keuzedeel\Game development\game\jacobgame\jacobgame\Library\PackageCache\com.unity.visualscripting@1.8.0\Editor\VisualScripting.Core\Dependencies\DotNetZip\Unity.VisualScripting.IonicZip.dll
Native extension for WindowsStandalone target not found
Native extension for WebGL target not found
Refreshing native plugins compatible for Editor in 0.75 ms, found 4 plugins.
Preloading 0 native plugins for Editor in 0.00 ms.
Mono: successfully reloaded assembly
- Completed reload, in  1.164 seconds
Domain Reload Profiling:
	ReloadAssembly (1165ms)
		BeginReloadAssembly (155ms)
			ExecutionOrderSort (0ms)
			DisableScriptedObjects (12ms)
			BackupInstance (0ms)
			ReleaseScriptingObjects (0ms)
			CreateAndSetChildDomain (36ms)
		EndReloadAssembly (869ms)
			LoadAssemblies (104ms)
			RebuildTransferFunctionScriptingTraits (0ms)
			SetupTypeCache (262ms)
			ReleaseScriptCaches (1ms)
			RebuildScriptCaches (47ms)
			SetupLoadedEditorAssemblies (398ms)
				LogAssemblyErrors (0ms)
				InitializePlatformSupportModulesInManaged (17ms)
				SetLoadedEditorAssemblies (1ms)
				RefreshPlugins (1ms)
				BeforeProcessingInitializeOnLoad (78ms)
				ProcessInitializeOnLoadAttributes (254ms)
				ProcessInitializeOnLoadMethodAttributes (34ms)
				AfterProcessingInitializeOnLoad (13ms)
				EditorAssembliesLoaded (0ms)
			ExecutionOrderSort2 (0ms)
			AwakeInstancesAfterBackupRestoration (14ms)
Platform modules already initialized, skipping
Refreshing native plugins compatible for Editor in 2.59 ms, found 4 plugins.
Preloading 0 native plugins for Editor in 0.00 ms.
Unloading 3731 Unused Serialized files (Serialized files now loaded: 0)
Unloading 22 unused Assets / (24.6 KB). Loaded Objects now: 4241.
Memory consumption went from 144.1 MB to 144.1 MB.
Total: 4.657300 ms (FindLiveObjects: 0.546600 ms CreateObjectMapping: 0.435300 ms MarkObjects: 3.633200 ms  DeleteObjects: 0.040400 ms)

AssetImportParameters requested are different than current active one (requested -> active):
  custom:video-decoder-ogg-theora: a1e56fd34408186e4bbccfd4996cb3dc -> 
  custom:container-muxer-webm: aa71ff27fc2769a1b78a27578f13a17b -> 
  custom:container-demuxer-webm: 4f35f7cbe854078d1ac9338744f61a02 -> 
  custom:video-encoder-webm-vp8: eb34c28f22e8b96e1ab97ce403110664 -> 
  custom:audio-encoder-webm-vorbis: bf7c407c2cedff20999df2af8eb42d56 -> 
  custom:framework-win-MediaFoundation: 216162199b28c13a410421893ffa2e32 -> 
  custom:container-demuxer-ogg: 62fdf1f143b41e24485cea50d1cbac27 -> 
  custom:video-decoder-webm-vp8: 9c59270c3fd7afecdb556c50c9e8de78 -> 
  custom:audio-decoder-ogg-vorbis: bf7c407c2cedff20999df2af8eb42d56 -> 
========================================================================
Received Import Request.
  Time since last request: 8.077603 seconds.
  path: Assets/scripts/Menu.cs
  artifactKey: Guid(c9f49d7cd9860944f9866c20baf6f172) Importer(815301076,1909f56bfc062723c751e8b465ee728b)
Start importing Assets/scripts/Menu.cs using Guid(c9f49d7cd9860944f9866c20baf6f172) Importer(815301076,1909f56bfc062723c751e8b465ee728b)  -> (artifact id: '66d2d434137684cecd19b78bd286751f') in 0.018246 seconds 
========================================================================
Received Import Request.
  Time since last request: 91.089682 seconds.
  path: Assets/scripts/FinishLine.cs
  artifactKey: Guid(1606a8137fc551f4488d994ede10fbfc) Importer(815301076,1909f56bfc062723c751e8b465ee728b)
Start importing Assets/scripts/FinishLine.cs using Guid(1606a8137fc551f4488d994ede10fbfc) Importer(815301076,1909f56bfc062723c751e8b465ee728b)  -> (artifact id: 'a4fc9fa73abf0f8408f4364df6da4889') in 0.009985 seconds 
========================================================================
Received Import Request.
  Time since last request: 33.669013 seconds.
  path: Assets/scripts/FinishLine.cs
  artifactKey: Guid(1606a8137fc551f4488d994ede10fbfc) Importer(815301076,1909f56bfc062723c751e8b465ee728b)
Start importing Assets/scripts/FinishLine.cs using Guid(1606a8137fc551f4488d994ede10fbfc) Importer(815301076,1909f56bfc062723c751e8b465ee728b)  -> (artifact id: '1b55f069887cead755acf047e606b8e0') in 0.002986 seconds 
========================================================================
Received Prepare
Registering precompiled user dll's ...
Registered in 0.007858 seconds.
Begin MonoManager ReloadAssembly
Symbol file LoadedFromMemory doesn't match image C:\Users\Easla\OneDrive\Bureaublad\Keuzedeel\Game development\game\jacobgame\jacobgame\Library\PackageCache\com.unity.visualscripting@1.8.0\Editor\VisualScripting.Core\Dependencies\YamlDotNet\Unity.VisualScripting.YamlDotNet.dll
Symbol file LoadedFromMemory doesn't match image C:\Users\Easla\OneDrive\Bureaublad\Keuzedeel\Game development\game\jacobgame\jacobgame\Library\PackageCache\com.unity.visualscripting@1.8.0\Editor\VisualScripting.Core\Dependencies\DotNetZip\Unity.VisualScripting.IonicZip.dll
Native extension for WindowsStandalone target not found
Native extension for WebGL target not found
Refreshing native plugins compatible for Editor in 0.71 ms, found 4 plugins.
Preloading 0 native plugins for Editor in 0.00 ms.
Mono: successfully reloaded assembly
- Completed reload, in  1.050 seconds
Domain Reload Profiling:
	ReloadAssembly (1051ms)
		BeginReloadAssembly (139ms)
			ExecutionOrderSort (0ms)
			DisableScriptedObjects (10ms)
			BackupInstance (0ms)
			ReleaseScriptingObjects (0ms)
			CreateAndSetChildDomain (34ms)
		EndReloadAssembly (797ms)
			LoadAssemblies (89ms)
			RebuildTransferFunctionScriptingTraits (0ms)
			SetupTypeCache (257ms)
			ReleaseScriptCaches (1ms)
			RebuildScriptCaches (51ms)
			SetupLoadedEditorAssemblies (347ms)
				LogAssemblyErrors (0ms)
				InitializePlatformSupportModulesInManaged (14ms)
				SetLoadedEditorAssemblies (1ms)
				RefreshPlugins (1ms)
				BeforeProcessingInitializeOnLoad (76ms)
				ProcessInitializeOnLoadAttributes (206ms)
				ProcessInitializeOnLoadMethodAttributes (36ms)
				AfterProcessingInitializeOnLoad (13ms)
				EditorAssembliesLoaded (0ms)
			ExecutionOrderSort2 (0ms)
			AwakeInstancesAfterBackupRestoration (12ms)
Platform modules already initialized, skipping
Refreshing native plugins compatible for Editor in 3.90 ms, found 4 plugins.
Preloading 0 native plugins for Editor in 0.00 ms.
Unloading 3731 Unused Serialized files (Serialized files now loaded: 0)
Unloading 22 unused Assets / (24.6 KB). Loaded Objects now: 4244.
Memory consumption went from 144.1 MB to 144.1 MB.
Total: 3.148200 ms (FindLiveObjects: 0.362200 ms CreateObjectMapping: 0.343900 ms MarkObjects: 2.402800 ms  DeleteObjects: 0.038000 ms)

AssetImportParameters requested are different than current active one (requested -> active):
  custom:video-decoder-ogg-theora: a1e56fd34408186e4bbccfd4996cb3dc -> 
  custom:container-muxer-webm: aa71ff27fc2769a1b78a27578f13a17b -> 
  custom:container-demuxer-webm: 4f35f7cbe854078d1ac9338744f61a02 -> 
  custom:video-encoder-webm-vp8: eb34c28f22e8b96e1ab97ce403110664 -> 
  custom:audio-encoder-webm-vorbis: bf7c407c2cedff20999df2af8eb42d56 -> 
  custom:framework-win-MediaFoundation: 216162199b28c13a410421893ffa2e32 -> 
  custom:container-demuxer-ogg: 62fdf1f143b41e24485cea50d1cbac27 -> 
  custom:video-decoder-webm-vp8: 9c59270c3fd7afecdb556c50c9e8de78 -> 
  custom:audio-decoder-ogg-vorbis: bf7c407c2cedff20999df2af8eb42d56 -> 
========================================================================
Received Import Request.
  Time since last request: 13.918219 seconds.
  path: Assets/scripts/CameraFollow.cs
  artifactKey: Guid(9e89de5b488b723499eed10d161ee10c) Importer(815301076,1909f56bfc062723c751e8b465ee728b)
Start importing Assets/scripts/CameraFollow.cs using Guid(9e89de5b488b723499eed10d161ee10c) Importer(815301076,1909f56bfc062723c751e8b465ee728b)  -> (artifact id: 'e387b611a2abcd07df8b87cdfe140ae6') in 0.015553 seconds 
========================================================================
Received Import Request.
  Time since last request: 113.567363 seconds.
  path: Assets/scripts/CameraFollow.cs
  artifactKey: Guid(9e89de5b488b723499eed10d161ee10c) Importer(815301076,1909f56bfc062723c751e8b465ee728b)
Start importing Assets/scripts/CameraFollow.cs using Guid(9e89de5b488b723499eed10d161ee10c) Importer(815301076,1909f56bfc062723c751e8b465ee728b)  -> (artifact id: 'dcccfdc4706180146fac56c209ce8ab1') in 0.003072 seconds 
========================================================================
Received Import Request.
  Time since last request: 40.961505 seconds.
  path: Assets/scripts/CameraFollow.cs
  artifactKey: Guid(9e89de5b488b723499eed10d161ee10c) Importer(815301076,1909f56bfc062723c751e8b465ee728b)
Start importing Assets/scripts/CameraFollow.cs using Guid(9e89de5b488b723499eed10d161ee10c) Importer(815301076,1909f56bfc062723c751e8b465ee728b)  -> (artifact id: 'fdf760bc649d346b0e9fa176e59accdc') in 0.002267 seconds 
========================================================================
Received Import Request.
  Time since last request: 13.279043 seconds.
  path: Assets/scripts/CameraFollow.cs
  artifactKey: Guid(9e89de5b488b723499eed10d161ee10c) Importer(815301076,1909f56bfc062723c751e8b465ee728b)
Start importing Assets/scripts/CameraFollow.cs using Guid(9e89de5b488b723499eed10d161ee10c) Importer(815301076,1909f56bfc062723c751e8b465ee728b)  -> (artifact id: '506454877c552f75e7c8ab8d19b96140') in 0.002331 seconds 
========================================================================
Received Import Request.
  Time since last request: 72.651412 seconds.
  path: Assets/scripts/CameraFollow.cs
  artifactKey: Guid(9e89de5b488b723499eed10d161ee10c) Importer(815301076,1909f56bfc062723c751e8b465ee728b)
Start importing Assets/scripts/CameraFollow.cs using Guid(9e89de5b488b723499eed10d161ee10c) Importer(815301076,1909f56bfc062723c751e8b465ee728b)  -> (artifact id: '01c38918d76790752d2552acd4b76a68') in 0.002380 seconds 
========================================================================
Received Prepare
Registering precompiled user dll's ...
Registered in 0.010247 seconds.
Begin MonoManager ReloadAssembly
Symbol file LoadedFromMemory doesn't match image C:\Users\Easla\OneDrive\Bureaublad\Keuzedeel\Game development\game\jacobgame\jacobgame\Library\PackageCache\com.unity.visualscripting@1.8.0\Editor\VisualScripting.Core\Dependencies\YamlDotNet\Unity.VisualScripting.YamlDotNet.dll
Symbol file LoadedFromMemory doesn't match image C:\Users\Easla\OneDrive\Bureaublad\Keuzedeel\Game development\game\jacobgame\jacobgame\Library\PackageCache\com.unity.visualscripting@1.8.0\Editor\VisualScripting.Core\Dependencies\DotNetZip\Unity.VisualScripting.IonicZip.dll
Native extension for WindowsStandalone target not found
Native extension for WebGL target not found
Refreshing native plugins compatible for Editor in 0.64 ms, found 4 plugins.
Preloading 0 native plugins for Editor in 0.00 ms.
Mono: successfully reloaded assembly
- Completed reload, in  1.067 seconds
Domain Reload Profiling:
	ReloadAssembly (1067ms)
		BeginReloadAssembly (157ms)
			ExecutionOrderSort (0ms)
			DisableScriptedObjects (8ms)
			BackupInstance (0ms)
			ReleaseScriptingObjects (0ms)
			CreateAndSetChildDomain (41ms)
		EndReloadAssembly (789ms)
			LoadAssemblies (108ms)
			RebuildTransferFunctionScriptingTraits (0ms)
			SetupTypeCache (234ms)
			ReleaseScriptCaches (2ms)
			RebuildScriptCaches (49ms)
			SetupLoadedEditorAssemblies (354ms)
				LogAssemblyErrors (0ms)
				InitializePlatformSupportModulesInManaged (14ms)
				SetLoadedEditorAssemblies (0ms)
				RefreshPlugins (1ms)
				BeforeProcessingInitializeOnLoad (77ms)
				ProcessInitializeOnLoadAttributes (215ms)
				ProcessInitializeOnLoadMethodAttributes (37ms)
				AfterProcessingInitializeOnLoad (9ms)
				EditorAssembliesLoaded (0ms)
			ExecutionOrderSort2 (0ms)
			AwakeInstancesAfterBackupRestoration (11ms)
Platform modules already initialized, skipping
Refreshing native plugins compatible for Editor in 3.13 ms, found 4 plugins.
Preloading 0 native plugins for Editor in 0.00 ms.
Unloading 3731 Unused Serialized files (Serialized files now loaded: 0)
Unloading 22 unused Assets / (24.7 KB). Loaded Objects now: 4247.
Memory consumption went from 144.1 MB to 144.1 MB.
Total: 3.278200 ms (FindLiveObjects: 0.284400 ms CreateObjectMapping: 0.198900 ms MarkObjects: 2.754100 ms  DeleteObjects: 0.039500 ms)

AssetImportParameters requested are different than current active one (requested -> active):
  custom:video-decoder-ogg-theora: a1e56fd34408186e4bbccfd4996cb3dc -> 
  custom:container-muxer-webm: aa71ff27fc2769a1b78a27578f13a17b -> 
  custom:container-demuxer-webm: 4f35f7cbe854078d1ac9338744f61a02 -> 
  custom:video-encoder-webm-vp8: eb34c28f22e8b96e1ab97ce403110664 -> 
  custom:audio-encoder-webm-vorbis: bf7c407c2cedff20999df2af8eb42d56 -> 
  custom:framework-win-MediaFoundation: 216162199b28c13a410421893ffa2e32 -> 
  custom:container-demuxer-ogg: 62fdf1f143b41e24485cea50d1cbac27 -> 
  custom:video-decoder-webm-vp8: 9c59270c3fd7afecdb556c50c9e8de78 -> 
  custom:audio-decoder-ogg-vorbis: bf7c407c2cedff20999df2af8eb42d56 -> 
========================================================================
Received Import Request.
  Time since last request: 15.704404 seconds.
  path: Assets/scripts/BulletScript.cs
  artifactKey: Guid(eda31ac094199054eaca73233c54956c) Importer(815301076,1909f56bfc062723c751e8b465ee728b)
Start importing Assets/scripts/BulletScript.cs using Guid(eda31ac094199054eaca73233c54956c) Importer(815301076,1909f56bfc062723c751e8b465ee728b)  -> (artifact id: '270ca63ac5f5add2ac4db6e31b781b3c') in 0.020287 seconds 
========================================================================
Received Import Request.
  Time since last request: 23.589540 seconds.
  path: Assets/scripts/BulletScript.cs
  artifactKey: Guid(eda31ac094199054eaca73233c54956c) Importer(815301076,1909f56bfc062723c751e8b465ee728b)
Start importing Assets/scripts/BulletScript.cs using Guid(eda31ac094199054eaca73233c54956c) Importer(815301076,1909f56bfc062723c751e8b465ee728b)  -> (artifact id: 'b3029414074f84ec0ad8dc8112d9a5af') in 0.002611 seconds 
========================================================================
Received Import Request.
  Time since last request: 48.185979 seconds.
  path: Assets/scripts/BulletScript.cs
  artifactKey: Guid(eda31ac094199054eaca73233c54956c) Importer(815301076,1909f56bfc062723c751e8b465ee728b)
Start importing Assets/scripts/BulletScript.cs using Guid(eda31ac094199054eaca73233c54956c) Importer(815301076,1909f56bfc062723c751e8b465ee728b)  -> (artifact id: 'cb4f16a985b0783c520b8dd15d5548cd') in 0.002282 seconds 
========================================================================
Received Import Request.
  Time since last request: 38.228403 seconds.
  path: Assets/scripts/BulletScript.cs
  artifactKey: Guid(eda31ac094199054eaca73233c54956c) Importer(815301076,1909f56bfc062723c751e8b465ee728b)
Start importing Assets/scripts/BulletScript.cs using Guid(eda31ac094199054eaca73233c54956c) Importer(815301076,1909f56bfc062723c751e8b465ee728b)  -> (artifact id: '6e8c9715a5e5610ea180ca907c5d4067') in 0.007540 seconds 
========================================================================
Received Import Request.
  Time since last request: 39.780743 seconds.
  path: Assets/scripts/BulletScript.cs
  artifactKey: Guid(eda31ac094199054eaca73233c54956c) Importer(815301076,1909f56bfc062723c751e8b465ee728b)
Start importing Assets/scripts/BulletScript.cs using Guid(eda31ac094199054eaca73233c54956c) Importer(815301076,1909f56bfc062723c751e8b465ee728b)  -> (artifact id: 'dbf6507c0fde514dfaf90dd97ea96b02') in 0.002244 seconds 
========================================================================
Received Import Request.
  Time since last request: 38.517852 seconds.
  path: Assets/scripts/BulletScript.cs
  artifactKey: Guid(eda31ac094199054eaca73233c54956c) Importer(815301076,1909f56bfc062723c751e8b465ee728b)
Start importing Assets/scripts/BulletScript.cs using Guid(eda31ac094199054eaca73233c54956c) Importer(815301076,1909f56bfc062723c751e8b465ee728b)  -> (artifact id: '807cd107637789a6955f0904b2384eba') in 0.003305 seconds 
========================================================================
Received Prepare
Registering precompiled user dll's ...
Registered in 0.007627 seconds.
Begin MonoManager ReloadAssembly
Symbol file LoadedFromMemory doesn't match image C:\Users\Easla\OneDrive\Bureaublad\Keuzedeel\Game development\game\jacobgame\jacobgame\Library\PackageCache\com.unity.visualscripting@1.8.0\Editor\VisualScripting.Core\Dependencies\YamlDotNet\Unity.VisualScripting.YamlDotNet.dll
Symbol file LoadedFromMemory doesn't match image C:\Users\Easla\OneDrive\Bureaublad\Keuzedeel\Game development\game\jacobgame\jacobgame\Library\PackageCache\com.unity.visualscripting@1.8.0\Editor\VisualScripting.Core\Dependencies\DotNetZip\Unity.VisualScripting.IonicZip.dll
Native extension for WindowsStandalone target not found
Native extension for WebGL target not found
Refreshing native plugins compatible for Editor in 1.04 ms, found 4 plugins.
Preloading 0 native plugins for Editor in 0.00 ms.
Mono: successfully reloaded assembly
- Completed reload, in  1.076 seconds
Domain Reload Profiling:
	ReloadAssembly (1077ms)
		BeginReloadAssembly (150ms)
			ExecutionOrderSort (0ms)
			DisableScriptedObjects (8ms)
			BackupInstance (0ms)
			ReleaseScriptingObjects (0ms)
			CreateAndSetChildDomain (41ms)
		EndReloadAssembly (814ms)
			LoadAssemblies (108ms)
			RebuildTransferFunctionScriptingTraits (0ms)
			SetupTypeCache (240ms)
			ReleaseScriptCaches (1ms)
			RebuildScriptCaches (55ms)
			SetupLoadedEditorAssemblies (366ms)
				LogAssemblyErrors (0ms)
				InitializePlatformSupportModulesInManaged (15ms)
				SetLoadedEditorAssemblies (1ms)
				RefreshPlugins (1ms)
				BeforeProcessingInitializeOnLoad (79ms)
				ProcessInitializeOnLoadAttributes (226ms)
				ProcessInitializeOnLoadMethodAttributes (34ms)
				AfterProcessingInitializeOnLoad (10ms)
				EditorAssembliesLoaded (0ms)
			ExecutionOrderSort2 (0ms)
			AwakeInstancesAfterBackupRestoration (9ms)
Platform modules already initialized, skipping
Refreshing native plugins compatible for Editor in 3.67 ms, found 4 plugins.
Preloading 0 native plugins for Editor in 0.00 ms.
Unloading 3731 Unused Serialized files (Serialized files now loaded: 0)
Unloading 22 unused Assets / (24.6 KB). Loaded Objects now: 4250.
Memory consumption went from 144.2 MB to 144.1 MB.
Total: 3.714500 ms (FindLiveObjects: 0.689100 ms CreateObjectMapping: 0.457000 ms MarkObjects: 2.541800 ms  DeleteObjects: 0.025800 ms)

AssetImportParameters requested are different than current active one (requested -> active):
  custom:video-decoder-ogg-theora: a1e56fd34408186e4bbccfd4996cb3dc -> 
  custom:container-muxer-webm: aa71ff27fc2769a1b78a27578f13a17b -> 
  custom:container-demuxer-webm: 4f35f7cbe854078d1ac9338744f61a02 -> 
  custom:video-encoder-webm-vp8: eb34c28f22e8b96e1ab97ce403110664 -> 
  custom:audio-encoder-webm-vorbis: bf7c407c2cedff20999df2af8eb42d56 -> 
  custom:framework-win-MediaFoundation: 216162199b28c13a410421893ffa2e32 -> 
  custom:container-demuxer-ogg: 62fdf1f143b41e24485cea50d1cbac27 -> 
  custom:video-decoder-webm-vp8: 9c59270c3fd7afecdb556c50c9e8de78 -> 
  custom:audio-decoder-ogg-vorbis: bf7c407c2cedff20999df2af8eb42d56 -> 
